<?xml version="1.0" encoding="UTF-8"?>
<testsuite xmlns:xsi="http://www.w3.org/2001/XMLSchema-instance" xsi:noNamespaceSchemaLocation="https://maven.apache.org/surefire/maven-surefire-plugin/xsd/surefire-test-report-3.0.xsd" version="3.0" name="com.aptavis.projecttracker.backend.ProjectTrackerTest" time="0.146" tests="3" errors="0" skipped="0" failures="0">
  <properties>
[...]
</properties>
  <testcase name="testAllTasksDone" classname="com.aptavis.projecttracker.backend.ProjectTrackerTest" time="0.064"/>
  <testcase name="testProjectProgressFromImageExample" classname="com.aptavis.projecttracker.backend.ProjectTrackerTest" time="0.005"/>
  <testcase name="testEmptyProject" classname="com.aptavis.projecttracker.backend.ProjectTrackerTest" time="0.014"/>
</testsuite>